  Camera.cpp
  EBO.cpp
  Mesh.cpp
G:\Ken\Documents\GitHub\COMP3015-RFERRED-CW\OpenGL_Template\OpenGL_Template\Mesh.cpp(56,43): warning C4267: 'argument': conversion from 'size_t' to 'GLsizei', possible loss of data
  ParticleSystem.cpp
  Texture.cpp
  VAO.cpp
G:\Ken\Documents\GitHub\COMP3015-RFERRED-CW\OpenGL_Template\OpenGL_Template\VAO.cpp(13,63): warning C4244: 'argument': conversion from 'GLsizeiptr' to 'GLsizei', possible loss of data
  VBO.cpp
  objmesh.cpp
G:\Ken\Documents\GitHub\COMP3015-RFERRED-CW\OpenGL_Template\OpenGL_Template\helper\objmesh.cpp(188,41): warning C4267: '+=': conversion from 'size_t' to 'int', possible loss of data
G:\Ken\Documents\GitHub\COMP3015-RFERRED-CW\OpenGL_Template\OpenGL_Template\helper\objmesh.cpp(194,48): warning C4267: '+=': conversion from 'size_t' to 'int', possible loss of data
G:\Ken\Documents\GitHub\COMP3015-RFERRED-CW\OpenGL_Template\OpenGL_Template\helper\objmesh.cpp(198,43): warning C4267: '+=': conversion from 'size_t' to 'int', possible loss of data
  trianglemesh.cpp
  main.cpp
  shaderClass.cpp
  stb.cpp
  Generating Code...
  glad.c
  OpenGL_Template.vcxproj -> G:\Ken\Documents\GitHub\COMP3015-RFERRED-CW\OpenGL_Template\x64\Debug\OpenGL_Template.exe
